<?xml version="1.0" encoding="UTF-8" standalone="no"?>
<!DOCTYPE log SYSTEM "logger.dtd">
<log>
<record>
  <date>2018-10-18T14:05:51.589-0300</date>
  <logger>JOAO PEDRO DE BARROS BARBOSA</logger>
  <level>FINE</level>
  <message>File 117210327-JOAO PEDRO DE BARROS BARBOSA.zip was received. It was sent by JOAO PEDRO DE BARROS BARBOSA from IP 150.165.42.213</message>
</record>
</log>
<?xml version="1.0" encoding="UTF-8" standalone="no"?>
<!DOCTYPE log SYSTEM "logger.dtd">
<log>
<record>
  <date>2018-10-18T14:14:38.115-0300</date>
  <logger>JOAO PEDRO DE BARROS BARBOSA</logger>
  <level>FINE</level>
  <message>File 117210327-JOAO PEDRO DE BARROS BARBOSA.zip was received. It was sent by JOAO PEDRO DE BARROS BARBOSA from IP 150.165.42.213</message>
</record>
</log>
<?xml version="1.0" encoding="UTF-8" standalone="no"?>
<!DOCTYPE log SYSTEM "logger.dtd">
<log>
<record>
  <date>2018-10-18T14:16:08.236-0300</date>
  <logger>JOAO PEDRO DE BARROS BARBOSA</logger>
  <level>FINE</level>
  <message>File 117210327-JOAO PEDRO DE BARROS BARBOSA.zip was received. It was sent by JOAO PEDRO DE BARROS BARBOSA from IP 150.165.42.213</message>
</record>
</log>
<?xml version="1.0" encoding="UTF-8" standalone="no"?>
<!DOCTYPE log SYSTEM "logger.dtd">
<log>
<record>
  <date>2018-10-18T14:22:01.197-0300</date>
  <logger>JOAO PEDRO DE BARROS BARBOSA</logger>
  <level>FINE</level>
  <message>File 117210327-JOAO PEDRO DE BARROS BARBOSA.zip was received. It was sent by JOAO PEDRO DE BARROS BARBOSA from IP 150.165.42.213</message>
</record>
</log>
<?xml version="1.0" encoding="UTF-8" standalone="no"?>
<!DOCTYPE log SYSTEM "logger.dtd">
<log>
<record>
  <date>2018-10-18T15:47:09.212-0300</date>
  <logger>JOAO PEDRO DE BARROS BARBOSA</logger>
  <level>FINE</level>
  <message>File 117210327-JOAO PEDRO DE BARROS BARBOSA.zip was received. It was sent by JOAO PEDRO DE BARROS BARBOSA from IP 150.165.42.213</message>
</record>
</log>
<?xml version="1.0" encoding="UTF-8" standalone="no"?>
<!DOCTYPE log SYSTEM "logger.dtd">
<log>
<record>
  <date>2018-10-18T18:17:17.509-0300</date>
  <logger>JOAO PEDRO DE BARROS BARBOSA</logger>
  <level>FINE</level>
  <message>File 117210327-JOAO PEDRO DE BARROS BARBOSA.zip was received. It was sent by JOAO PEDRO DE BARROS BARBOSA from IP 192.168.0.104</message>
</record>
</log>
<?xml version="1.0" encoding="UTF-8" standalone="no"?>
<!DOCTYPE log SYSTEM "logger.dtd">
<log>
<record>
  <date>2018-10-18T18:18:56.602-0300</date>
  <logger>JOAO PEDRO DE BARROS BARBOSA</logger>
  <level>FINE</level>
  <message>File 117210327-JOAO PEDRO DE BARROS BARBOSA.zip was received. It was sent by JOAO PEDRO DE BARROS BARBOSA from IP 192.168.0.104</message>
</record>
</log>
<?xml version="1.0" encoding="UTF-8" standalone="no"?>
<!DOCTYPE log SYSTEM "logger.dtd">
<log>
<record>
  <date>2018-10-18T18:19:42.729-0300</date>
  <logger>JOAO PEDRO DE BARROS BARBOSA</logger>
  <level>FINE</level>
  <message>File 117210327-JOAO PEDRO DE BARROS BARBOSA.zip was received. It was sent by JOAO PEDRO DE BARROS BARBOSA from IP 192.168.0.104</message>
</record>
</log>
<?xml version="1.0" encoding="UTF-8" standalone="no"?>
<!DOCTYPE log SYSTEM "logger.dtd">
<log>
<record>
  <date>2018-10-18T18:23:43.683-0300</date>
  <logger>JOAO PEDRO DE BARROS BARBOSA</logger>
  <level>FINE</level>
  <message>File 117210327-JOAO PEDRO DE BARROS BARBOSA.zip was received. It was sent by JOAO PEDRO DE BARROS BARBOSA from IP 192.168.0.104</message>
</record>
</log>
<?xml version="1.0" encoding="UTF-8" standalone="no"?>
<!DOCTYPE log SYSTEM "logger.dtd">
<log>
<record>
  <date>2018-10-18T18:24:44.787-0300</date>
  <logger>JOAO PEDRO DE BARROS BARBOSA</logger>
  <level>FINE</level>
  <message>File 117210327-JOAO PEDRO DE BARROS BARBOSA.zip was received. It was sent by JOAO PEDRO DE BARROS BARBOSA from IP 192.168.0.104</message>
</record>
</log>
<?xml version="1.0" encoding="UTF-8" standalone="no"?>
<!DOCTYPE log SYSTEM "logger.dtd">
<log>
<record>
  <date>2018-10-18T18:27:49.180-0300</date>
  <logger>JOAO PEDRO DE BARROS BARBOSA</logger>
  <level>FINE</level>
  <message>File 117210327-JOAO PEDRO DE BARROS BARBOSA.zip was received. It was sent by JOAO PEDRO DE BARROS BARBOSA from IP 192.168.0.104</message>
</record>
</log>
<?xml version="1.0" encoding="UTF-8" standalone="no"?>
<!DOCTYPE log SYSTEM "logger.dtd">
<log>
<record>
  <date>2018-10-18T18:31:35.594-0300</date>
  <logger>JOAO PEDRO DE BARROS BARBOSA</logger>
  <level>FINE</level>
  <message>File 117210327-JOAO PEDRO DE BARROS BARBOSA.zip was received. It was sent by JOAO PEDRO DE BARROS BARBOSA from IP 192.168.0.104</message>
</record>
</log>
<?xml version="1.0" encoding="UTF-8" standalone="no"?>
<!DOCTYPE log SYSTEM "logger.dtd">
<log>
<record>
  <date>2018-10-18T18:33:00.075-0300</date>
  <logger>JOAO PEDRO DE BARROS BARBOSA</logger>
  <level>FINE</level>
  <message>File 117210327-JOAO PEDRO DE BARROS BARBOSA.zip was received. It was sent by JOAO PEDRO DE BARROS BARBOSA from IP 192.168.0.104</message>
</record>
</log>
<?xml version="1.0" encoding="UTF-8" standalone="no"?>
<!DOCTYPE log SYSTEM "logger.dtd">
<log>
<record>
  <date>2018-10-18T18:34:33.551-0300</date>
  <logger>JOAO PEDRO DE BARROS BARBOSA</logger>
  <level>FINE</level>
  <message>File 117210327-JOAO PEDRO DE BARROS BARBOSA.zip was received. It was sent by JOAO PEDRO DE BARROS BARBOSA from IP 192.168.0.104</message>
</record>
</log>
<?xml version="1.0" encoding="UTF-8" standalone="no"?>
<!DOCTYPE log SYSTEM "logger.dtd">
<log>
<record>
  <date>2018-10-18T18:41:47.315-0300</date>
  <logger>JOAO PEDRO DE BARROS BARBOSA</logger>
  <level>FINE</level>
  <message>File 117210327-JOAO PEDRO DE BARROS BARBOSA.zip was received. It was sent by JOAO PEDRO DE BARROS BARBOSA from IP 192.168.0.104</message>
</record>
</log>
<?xml version="1.0" encoding="UTF-8" standalone="no"?>
<!DOCTYPE log SYSTEM "logger.dtd">
<log>
<record>
  <date>2018-10-18T18:46:19.347-0300</date>
  <logger>JOAO PEDRO DE BARROS BARBOSA</logger>
  <level>FINE</level>
  <message>File 117210327-JOAO PEDRO DE BARROS BARBOSA.zip was received. It was sent by JOAO PEDRO DE BARROS BARBOSA from IP 192.168.0.104</message>
</record>
</log>
<?xml version="1.0" encoding="UTF-8" standalone="no"?>
<!DOCTYPE log SYSTEM "logger.dtd">
<log>
<record>
  <date>2018-10-18T19:43:23.896-0300</date>
  <logger>JOAO PEDRO DE BARROS BARBOSA</logger>
  <level>FINE</level>
  <message>File 117210327-JOAO PEDRO DE BARROS BARBOSA.zip was received. It was sent by JOAO PEDRO DE BARROS BARBOSA from IP 192.168.0.104</message>
</record>
