<?xml version="1.0" encoding="UTF-8" standalone="no"?>
<!DOCTYPE log SYSTEM "logger.dtd">
<log>
<record>
  <date>2018-09-20T14:05:05.597-0300</date>
  <logger>JOAO PEDRO DE BARROS BARBOSA</logger>
  <level>FINE</level>
  <message>File 117210327-JOAO PEDRO DE BARROS BARBOSA.zip was received. It was sent by JOAO PEDRO DE BARROS BARBOSA from IP 150.165.42.115</message>
</record>
</log>
<?xml version="1.0" encoding="UTF-8" standalone="no"?>
<!DOCTYPE log SYSTEM "logger.dtd">
<log>
<record>
  <date>2018-09-20T15:35:24.483-0300</date>
  <logger>JOAO PEDRO DE BARROS BARBOSA</logger>
  <level>FINE</level>
  <message>File 117210327-JOAO PEDRO DE BARROS BARBOSA.zip was received. It was sent by JOAO PEDRO DE BARROS BARBOSA from IP 150.165.42.115</message>
</record>
</log>
<?xml version="1.0" encoding="UTF-8" standalone="no"?>
<!DOCTYPE log SYSTEM "logger.dtd">
<log>
<record>
  <date>2018-09-20T15:40:06.991-0300</date>
  <logger>JOAO PEDRO DE BARROS BARBOSA</logger>
  <level>FINE</level>
  <message>File 117210327-JOAO PEDRO DE BARROS BARBOSA.zip was received. It was sent by JOAO PEDRO DE BARROS BARBOSA from IP 150.165.42.115</message>
</record>
</log>
<?xml version="1.0" encoding="UTF-8" standalone="no"?>
<!DOCTYPE log SYSTEM "logger.dtd">
<log>
<record>
  <date>2018-09-20T15:43:53.058-0300</date>
  <logger>JOAO PEDRO DE BARROS BARBOSA</logger>
  <level>FINE</level>
  <message>File 117210327-JOAO PEDRO DE BARROS BARBOSA.zip was received. It was sent by JOAO PEDRO DE BARROS BARBOSA from IP 150.165.42.115</message>
</record>
</log>
<?xml version="1.0" encoding="UTF-8" standalone="no"?>
<!DOCTYPE log SYSTEM "logger.dtd">
<log>
<record>
  <date>2018-09-20T15:48:05.498-0300</date>
  <logger>JOAO PEDRO DE BARROS BARBOSA</logger>
  <level>FINE</level>
  <message>File 117210327-JOAO PEDRO DE BARROS BARBOSA.zip was received. It was sent by JOAO PEDRO DE BARROS BARBOSA from IP 150.165.42.115</message>
</record>
</log>
<?xml version="1.0" encoding="UTF-8" standalone="no"?>
<!DOCTYPE log SYSTEM "logger.dtd">
<log>
<record>
  <date>2018-09-20T15:52:34.374-0300</date>
  <logger>JOAO PEDRO DE BARROS BARBOSA</logger>
  <level>FINE</level>
  <message>File 117210327-JOAO PEDRO DE BARROS BARBOSA.zip was received. It was sent by JOAO PEDRO DE BARROS BARBOSA from IP 150.165.42.115</message>
</record>
</log>
<?xml version="1.0" encoding="UTF-8" standalone="no"?>
<!DOCTYPE log SYSTEM "logger.dtd">
<log>
<record>
  <date>2018-09-20T15:58:50.952-0300</date>
  <logger>JOAO PEDRO DE BARROS BARBOSA</logger>
  <level>FINE</level>
  <message>File 117210327-JOAO PEDRO DE BARROS BARBOSA.zip was received. It was sent by JOAO PEDRO DE BARROS BARBOSA from IP 150.165.42.115</message>
</record>
