<?xml version="1.0" encoding="UTF-8" standalone="no"?>
<!DOCTYPE log SYSTEM "logger.dtd">
<log>
<record>
  <date>2018-10-01T16:06:16.731-0300</date>
  <logger>JOAO PEDRO DE BARROS BARBOSA</logger>
  <level>FINE</level>
  <message>File 117210327-JOAO PEDRO DE BARROS BARBOSA.zip was received. It was sent by JOAO PEDRO DE BARROS BARBOSA from IP 192.168.0.104</message>
</record>
</log>
<?xml version="1.0" encoding="UTF-8" standalone="no"?>
<!DOCTYPE log SYSTEM "logger.dtd">
<log>
<record>
  <date>2018-10-01T19:31:50.506-0300</date>
  <logger>JOAO PEDRO DE BARROS BARBOSA</logger>
  <level>FINE</level>
  <message>File 117210327-JOAO PEDRO DE BARROS BARBOSA.zip was received. It was sent by JOAO PEDRO DE BARROS BARBOSA from IP 192.168.0.104</message>
</record>
</log>
<?xml version="1.0" encoding="UTF-8" standalone="no"?>
<!DOCTYPE log SYSTEM "logger.dtd">
<log>
<record>
  <date>2018-10-01T19:53:24.477-0300</date>
  <logger>JOAO PEDRO DE BARROS BARBOSA</logger>
  <level>FINE</level>
  <message>File 117210327-JOAO PEDRO DE BARROS BARBOSA.zip was received. It was sent by JOAO PEDRO DE BARROS BARBOSA from IP 192.168.0.104</message>
</record>
</log>
<?xml version="1.0" encoding="UTF-8" standalone="no"?>
<!DOCTYPE log SYSTEM "logger.dtd">
<log>
<record>
  <date>2018-10-01T19:58:10.143-0300</date>
  <logger>JOAO PEDRO DE BARROS BARBOSA</logger>
  <level>FINE</level>
  <message>File 117210327-JOAO PEDRO DE BARROS BARBOSA.zip was received. It was sent by JOAO PEDRO DE BARROS BARBOSA from IP 192.168.0.104</message>
</record>
</log>
<?xml version="1.0" encoding="UTF-8" standalone="no"?>
<!DOCTYPE log SYSTEM "logger.dtd">
<log>
<record>
  <date>2018-10-01T20:10:06.084-0300</date>
  <logger>JOAO PEDRO DE BARROS BARBOSA</logger>
  <level>FINE</level>
  <message>File 117210327-JOAO PEDRO DE BARROS BARBOSA.zip was received. It was sent by JOAO PEDRO DE BARROS BARBOSA from IP 192.168.0.104</message>
</record>
</log>
<?xml version="1.0" encoding="UTF-8" standalone="no"?>
<!DOCTYPE log SYSTEM "logger.dtd">
<log>
<record>
  <date>2018-10-01T20:12:01.617-0300</date>
  <logger>JOAO PEDRO DE BARROS BARBOSA</logger>
  <level>FINE</level>
  <message>File 117210327-JOAO PEDRO DE BARROS BARBOSA.zip was received. It was sent by JOAO PEDRO DE BARROS BARBOSA from IP 192.168.0.104</message>
</record>
</log>
<?xml version="1.0" encoding="UTF-8" standalone="no"?>
<!DOCTYPE log SYSTEM "logger.dtd">
<log>
<record>
  <date>2018-10-01T20:12:22.887-0300</date>
  <logger>JOAO PEDRO DE BARROS BARBOSA</logger>
  <level>FINE</level>
  <message>File 117210327-JOAO PEDRO DE BARROS BARBOSA.zip was received. It was sent by JOAO PEDRO DE BARROS BARBOSA from IP 192.168.0.104</message>
</record>
</log>
<?xml version="1.0" encoding="UTF-8" standalone="no"?>
<!DOCTYPE log SYSTEM "logger.dtd">
<log>
<record>
  <date>2018-10-01T20:48:43.948-0300</date>
  <logger>JOAO PEDRO DE BARROS BARBOSA</logger>
  <level>FINE</level>
  <message>File 117210327-JOAO PEDRO DE BARROS BARBOSA.zip was received. It was sent by JOAO PEDRO DE BARROS BARBOSA from IP 192.168.0.104</message>
</record>
</log>
<?xml version="1.0" encoding="UTF-8" standalone="no"?>
<!DOCTYPE log SYSTEM "logger.dtd">
<log>
<record>
  <date>2018-10-02T00:55:36.697-0300</date>
  <logger>JOAO PEDRO DE BARROS BARBOSA</logger>
  <level>FINE</level>
  <message>File 117210327-JOAO PEDRO DE BARROS BARBOSA.zip was received. It was sent by JOAO PEDRO DE BARROS BARBOSA from IP 192.168.0.104</message>
</record>
</log>
<?xml version="1.0" encoding="UTF-8" standalone="no"?>
<!DOCTYPE log SYSTEM "logger.dtd">
<log>
<record>
  <date>2018-10-02T23:15:48.499-0300</date>
  <logger>JOAO PEDRO DE BARROS BARBOSA</logger>
  <level>FINE</level>
  <message>File 117210327-JOAO PEDRO DE BARROS BARBOSA.zip was received. It was sent by JOAO PEDRO DE BARROS BARBOSA from IP 192.168.0.104</message>
</record>
