<?xml version="1.0" encoding="UTF-8" standalone="no"?>
<!DOCTYPE log SYSTEM "logger.dtd">
<log>
<record>
  <date>2018-09-17T16:12:50.736-0300</date>
  <logger>JOAO PEDRO DE BARROS BARBOSA</logger>
  <level>FINE</level>
  <message>File 117210327-JOAO PEDRO DE BARROS BARBOSA.zip was received. It was sent by JOAO PEDRO DE BARROS BARBOSA from IP 150.165.42.212</message>
</record>
</log>
<?xml version="1.0" encoding="UTF-8" standalone="no"?>
<!DOCTYPE log SYSTEM "logger.dtd">
<log>
<record>
  <date>2018-09-17T17:25:32.637-0300</date>
  <logger>JOAO PEDRO DE BARROS BARBOSA</logger>
  <level>FINE</level>
  <message>File 117210327-JOAO PEDRO DE BARROS BARBOSA.zip was received. It was sent by JOAO PEDRO DE BARROS BARBOSA from IP 150.165.42.212</message>
</record>
</log>
<?xml version="1.0" encoding="UTF-8" standalone="no"?>
<!DOCTYPE log SYSTEM "logger.dtd">
<log>
<record>
  <date>2018-09-17T22:37:22.511-0300</date>
  <logger>JOAO PEDRO DE BARROS BARBOSA</logger>
  <level>FINE</level>
  <message>File 117210327-JOAO PEDRO DE BARROS BARBOSA.zip was received. It was sent by JOAO PEDRO DE BARROS BARBOSA from IP 192.168.0.104</message>
</record>
