<?xml version="1.0" encoding="UTF-8" standalone="no"?>
<!DOCTYPE log SYSTEM "logger.dtd">
<log>
<record>
  <date>2018-09-27T14:05:26.941-0300</date>
  <logger>JOAO PEDRO DE BARROS BARBOSA</logger>
  <level>FINE</level>
  <message>File 117210327-JOAO PEDRO DE BARROS BARBOSA.zip was received. It was sent by JOAO PEDRO DE BARROS BARBOSA from IP 192.168.0.104</message>
</record>
</log>
<?xml version="1.0" encoding="UTF-8" standalone="no"?>
<!DOCTYPE log SYSTEM "logger.dtd">
<log>
<record>
  <date>2018-09-27T14:56:05.022-0300</date>
  <logger>JOAO PEDRO DE BARROS BARBOSA</logger>
  <level>FINE</level>
  <message>File 117210327-JOAO PEDRO DE BARROS BARBOSA.zip was received. It was sent by JOAO PEDRO DE BARROS BARBOSA from IP 192.168.0.104</message>
</record>
</log>
<?xml version="1.0" encoding="UTF-8" standalone="no"?>
<!DOCTYPE log SYSTEM "logger.dtd">
<log>
<record>
  <date>2018-09-27T17:31:39.618-0300</date>
  <logger>JOAO PEDRO DE BARROS BARBOSA</logger>
  <level>FINE</level>
  <message>File 117210327-JOAO PEDRO DE BARROS BARBOSA.zip was received. It was sent by JOAO PEDRO DE BARROS BARBOSA from IP 192.168.0.104</message>
</record>
